<?xml version="1.0" encoding="UTF-8"?>
<!-- Generated by org.testng.reporters.JUnitXMLReporter -->
<testsuite hostname="LAPTOP-OTH4K8C1" ignored="0" name="HRM LoginTest" tests="5" failures="0" timestamp="2021-12-27T21:24:15 IST" time="30.798" errors="0">
  <testcase name="set_LoginCredentials" time="0.083" classname="com.HRM.TestCases.Tc_002_CreateNewEmployeeAndLoginWithNewEmployee"/>
  <testcase name="click_onLoginButton" time="6.414" classname="com.HRM.TestCases.Tc_002_CreateNewEmployeeAndLoginWithNewEmployee"/>
  <testcase name="creatingNewUser" time="7.072" classname="com.HRM.TestCases.Tc_002_CreateNewEmployeeAndLoginWithNewEmployee"/>
  <testcase name="logOutFromHRMApplication" time="6.711" classname="com.HRM.TestCases.Tc_002_CreateNewEmployeeAndLoginWithNewEmployee"/>
  <testcase name="loginWithNewlyCreatedUser" time="2.858" classname="com.HRM.TestCases.Tc_002_CreateNewEmployeeAndLoginWithNewEmployee"/>
</testsuite> <!-- HRM LoginTest -->
