<?xml version="1.0" encoding="UTF-8"?>
<!-- Generated by org.testng.reporters.JUnitXMLReporter -->
<testsuite hostname="LAPTOP-OTH4K8C1" ignored="0" name="HRM CreateNewUserAndLoginUsingNewlyCreatedUser" tests="3" failures="0" timestamp="2021-12-27T21:23:44 IST" time="16.607" errors="0">
  <testcase name="set_LoginCredentials" time="0.123" classname="com.HRM.TestCases.TC_001_LoginWithValidCredentials"/>
  <testcase name="click_onLoginButton" time="5.903" classname="com.HRM.TestCases.TC_001_LoginWithValidCredentials"/>
  <testcase name="verifyTheTitle_AfterLogin" time="0.011" classname="com.HRM.TestCases.TC_001_LoginWithValidCredentials"/>
</testsuite> <!-- HRM CreateNewUserAndLoginUsingNewlyCreatedUser -->
