<?xml version="1.0" encoding="UTF-8"?>
<!-- Generated by org.testng.reporters.JUnitXMLReporter -->
<testsuite hostname="LAPTOP-OTH4K8C1" ignored="0" name="HRM CreateNewUserAndLoginUsingNewlyCreatedUser" tests="3" failures="0" timestamp="2021-12-27T18:39:34 IST" time="11.748" errors="0">
  <testcase name="set_LoginCredentials" time="0.105" classname="com.HRM.TestCases.TC_001_LoginWithValidCredentials"/>
  <testcase name="click_onLoginButton" time="4.463" classname="com.HRM.TestCases.TC_001_LoginWithValidCredentials"/>
  <testcase name="verifyTheTitle_AfterLogin" time="0.017" classname="com.HRM.TestCases.TC_001_LoginWithValidCredentials"/>
</testsuite> <!-- HRM CreateNewUserAndLoginUsingNewlyCreatedUser -->
