<?xml version="1.0" encoding="UTF-8"?>
<testng-results skipped="0" failed="0" ignored="0" total="3" passed="3">
  <reporter-output>
  </reporter-output>
  <suite name="OrangeHRM Regression Suite" duration-ms="11748" started-at="2021-12-27T18:39:22 IST" finished-at="2021-12-27T18:39:34 IST">
    <groups>
    </groups>
    <test name="HRM CreateNewUserAndLoginUsingNewlyCreatedUser" duration-ms="11748" started-at="2021-12-27T18:39:22 IST" finished-at="2021-12-27T18:39:34 IST">
      <class name="com.HRM.TestCases.TC_001_LoginWithValidCredentials">
        <test-method status="PASS" signature="setup(java.lang.String)[pri:0, instance:com.HRM.TestCases.TC_001_LoginWithValidCredentials@6eceb130]" name="setup" is-config="true" duration-ms="6232" started-at="2021-12-27T18:39:22 IST" finished-at="2021-12-27T18:39:28 IST">
          <params>
            <param index="0">
              <value>
                <![CDATA[chrome]]>
              </value>
            </param>
          </params>
          <reporter-output>
          </reporter-output>
        </test-method> <!-- setup -->
        <test-method status="PASS" signature="set_LoginCredentials()[pri:1, instance:com.HRM.TestCases.TC_001_LoginWithValidCredentials@6eceb130]" name="set_LoginCredentials" duration-ms="105" started-at="2021-12-27T18:39:28 IST" finished-at="2021-12-27T18:39:28 IST">
          <reporter-output>
          </reporter-output>
        </test-method> <!-- set_LoginCredentials -->
        <test-method status="PASS" signature="click_onLoginButton()[pri:2, instance:com.HRM.TestCases.TC_001_LoginWithValidCredentials@6eceb130]" name="click_onLoginButton" duration-ms="4463" started-at="2021-12-27T18:39:28 IST" finished-at="2021-12-27T18:39:33 IST">
          <reporter-output>
          </reporter-output>
        </test-method> <!-- click_onLoginButton -->
        <test-method status="PASS" signature="verifyTheTitle_AfterLogin()[pri:3, instance:com.HRM.TestCases.TC_001_LoginWithValidCredentials@6eceb130]" name="verifyTheTitle_AfterLogin" duration-ms="17" started-at="2021-12-27T18:39:33 IST" finished-at="2021-12-27T18:39:33 IST">
          <reporter-output>
          </reporter-output>
        </test-method> <!-- verifyTheTitle_AfterLogin -->
        <test-method status="PASS" signature="teardown()[pri:0, instance:com.HRM.TestCases.TC_001_LoginWithValidCredentials@6eceb130]" name="teardown" is-config="true" duration-ms="816" started-at="2021-12-27T18:39:33 IST" finished-at="2021-12-27T18:39:34 IST">
          <reporter-output>
          </reporter-output>
        </test-method> <!-- teardown -->
      </class> <!-- com.HRM.TestCases.TC_001_LoginWithValidCredentials -->
    </test> <!-- HRM CreateNewUserAndLoginUsingNewlyCreatedUser -->
  </suite> <!-- OrangeHRM Regression Suite -->
</testng-results>
